#
# A fatal error has been detected by the Java Runtime Environment:
#
#  EXCEPTION_ACCESS_VIOLATION (0xc0000005) at pc=0x00007ffe4dcdfe66, pid=16928, tid=9104
#
# JRE version: Java(TM) SE Runtime Environment (12.0.1+12) (build 12.0.1+12)
# Java VM: Java HotSpot(TM) 64-Bit Server VM (12.0.1+12, mixed mode, sharing, tiered, compressed oops, g1 gc, windows-amd64)
# Problematic frame:
# V  [jvm.dll+0x2efe66]
#
# No core dump will be written. Minidumps are not enabled by default on client versions of Windows
#
# If you would like to submit a bug report, please visit:
#   http://bugreport.java.com/bugreport/crash.jsp
#

---------------  S U M M A R Y ------------

Command Line: -XX:TieredStopAtLevel=1 -Xverify:none -Dspring.devtools.restart.trigger-file=.restartTriggerFile -Dspring.output.ansi.enabled=always -Dcom.sun.management.jmxremote -Dcom.sun.management.jmxremote.port=54136 -Dcom.sun.management.jmxremote.authenticate=false -Dcom.sun.management.jmxremote.ssl=false -Djava.rmi.server.hostname=localhost -Dspring.liveBeansView.mbeanDomain -Dspring.application.admin.enabled=true -Didea.launcher.port=54137 -Didea.launcher.bin.path=C:\Program Files\JetBrains\IntelliJ IDEA 2018.1.4\bin -Dfile.encoding=UTF-8 com.intellij.rt.execution.application.AppMainV2 com.GoEvent.GoEventApplication

Host: Intel(R) Core(TM) i7-8750H CPU @ 2.20GHz, 12 cores, 31G,  Windows 10 , 64 bit Build 17134 (10.0.17134.753)
Time: Fri Sep 13 19:41:25 2019 Jerusalem Summer Time elapsed time: 1961 seconds (0d 0h 32m 41s)

---------------  T H R E A D  ---------------

Current thread (0x0000013951a09000):  GCTaskThread "GC Thread#0" [stack: 0x0000002522200000,0x0000002522300000] [id=9104]

Stack: [0x0000002522200000,0x0000002522300000],  sp=0x00000025222ff8c0,  free space=1022k
Native frames: (J=compiled Java code, j=interpreted, Vv=VM code, C=native code)
V  [jvm.dll+0x2efe66]
V  [jvm.dll+0x32ec6c]
V  [jvm.dll+0x2fdf83]
V  [jvm.dll+0x32f383]
V  [jvm.dll+0x2fc8e6]
V  [jvm.dll+0x7bb2b0]
V  [jvm.dll+0x748648]
V  [jvm.dll+0x638566]
C  [ucrtbase.dll+0x1e3fe]
C  [KERNEL32.DLL+0x14034]
C  [ntdll.dll+0x73691]


siginfo: EXCEPTION_ACCESS_VIOLATION (0xc0000005), reading address 0x0000001000200013


Register to memory mapping:

RIP=0x00007ffe4dcdfe66 jvm.dll
RAX=0x00007ffe4e28b720 jvm.dll
RBX=0x0000001000200003 is an unknown value
RCX=0x00000139015151f8 points into unknown readable memory: 20 b7 28 4e fe 7f 00 00
RDX=0x000001395b0d19f8 is at entry_point+-8 in (nmethod*)0x000001395b0d1810
RSP=0x00000025222ff8c0 points into unknown readable memory: c0 80 1a 7f 39 01 00 00
RBP=0x0000013901082460 points into unknown readable memory: 00 02 00 00 39 01 00 00
RSI=0x000000000000002e is an unknown value
RDI=0x00000139015151f8 points into unknown readable memory: 20 b7 28 4e fe 7f 00 00
R8 =0x000001395b0d1ea4 is at entry_point+1188 in (nmethod*)0x000001395b0d1810
R9 =0x00000000000007ff is an unknown value
R10=0x000001395b0d19ee is at entry_point+-18 in (nmethod*)0x000001395b0d1810
R11=0x0 is NULL
R12=0x00007ffe4e28acc0 jvm.dll
R13=0x00007ffe4e28ae00 jvm.dll
R14=0x0000000000000170 is an unknown value
R15=0x0 is NULL


Registers:
RAX=0x00007ffe4e28b720, RBX=0x0000001000200003, RCX=0x00000139015151f8, RDX=0x000001395b0d19f8
RSP=0x00000025222ff8c0, RBP=0x0000013901082460, RSI=0x000000000000002e, RDI=0x00000139015151f8
R8 =0x000001395b0d1ea4, R9 =0x00000000000007ff, R10=0x000001395b0d19ee, R11=0x0000000000000000
R12=0x00007ffe4e28acc0, R13=0x00007ffe4e28ae00, R14=0x0000000000000170, R15=0x0000000000000000
RIP=0x00007ffe4dcdfe66, EFLAGS=0x0000000000010206

Top of Stack: (sp=0x00000025222ff8c0)
0x00000025222ff8c0:   000001397f1a80c0 0000000000000020
0x00000025222ff8d0:   00000000fc10a6a5 0000000000000000
0x00000025222ff8e0:   00000025222ffa70 00007ffe4dd1ec6c
0x00000025222ff8f0:   0000000000000000 00000025222ffa00
0x00000025222ff900:   0000013951995e28 000001397e66d860
0x00000025222ff910:   0000000000000000 0000000000000000
0x00000025222ff920:   000001395199f100 00007ffe4dcbb4a6
0x00000025222ff930:   00000139519ede60 000001390111adf0
0x00000025222ff940:   00000000fc10a6a4 0000000000000000
0x00000025222ff950:   00000025222ffac8 00000025222ffad8
0x00000025222ff960:   00000000fc10a601 000001390111adf0
0x00000025222ff970:   00000000fc10a6a5 0000000000000000
0x00000025222ff980:   00000025222ffae8 00000025222ffaf8
0x00000025222ff990:   00000025222ffa00 00007ffe4dd04315
0x00000025222ff9a0:   0000000000000048 00007ffe4dcedf83
0x00000025222ff9b0:   00000025222ffa70 000000000000000a 

Instructions: (pc=0x00007ffe4dcdfe66)
0x00007ffe4dcdfe46:   4c 89 74 24 40 44 8b f6 66 90 48 8b 45 08 49 8b
0x00007ffe4dcdfe56:   1c 06 48 85 db 74 19 0f 1f 00 48 8b 07 48 8b cf
0x00007ffe4dcdfe66:   48 8b 53 10 ff 10 48 8b 5b 08 48 83 e3 fe 75 ea
0x00007ffe4dcdfe76:   ff c6 49 83 c6 08 3b 75 00 7c cf 4c 8b 74 24 40 


Stack slot to memory mapping:
stack at sp + 0 slots: 0x000001397f1a80c0 points into unknown readable memory: 20 02 bb 29 39 01 00 00
stack at sp + 1 slots: 0x0000000000000020 is an unknown value
stack at sp + 2 slots: 0x00000000fc10a6a5 is an unknown value
stack at sp + 3 slots: 0x0 is NULL
stack at sp + 4 slots: 0x00000025222ffa70 points into unknown readable memory: 68 ad 28 4e fe 7f 00 00
stack at sp + 5 slots: 0x00007ffe4dd1ec6c jvm.dll
stack at sp + 6 slots: 0x0 is NULL
stack at sp + 7 slots: 0x00000025222ffa00 points into unknown readable memory: 00 00 00 00 00 00 00 00


---------------  P R O C E S S  ---------------

Threads class SMR info:
_java_thread_list=0x00000139010b9f70, length=35, elements={
0x000001397f075800, 0x000001397f079800, 0x000001397f08e000, 0x000001397f08f000,
0x000001397f096000, 0x000001397f09c000, 0x000001397f1ad800, 0x000001397f1e2000,
0x00000139003db000, 0x000001390039b000, 0x0000013900404000, 0x0000013900443800,
0x0000013900446000, 0x0000013902b8e000, 0x0000013902b8f000, 0x0000013902b91800,
0x0000013902b8d000, 0x0000013902b92000, 0x0000013902b94000, 0x0000013902b93000,
0x0000013902b8f800, 0x0000013903926000, 0x0000013903922000, 0x0000013903922800,
0x0000013903921000, 0x0000013903920800, 0x0000013903929800, 0x0000013903924800,
0x0000013903927800, 0x0000013903927000, 0x0000013903925000, 0x0000013903928800,
0x0000013903923800, 0x000001390392e000, 0x000001390392a000
}

Java Threads: ( => current thread )
  0x000001397f075800 JavaThread "Reference Handler" daemon [_thread_blocked, id=10808, stack(0x0000002522800000,0x0000002522900000)]
  0x000001397f079800 JavaThread "Finalizer" daemon [_thread_blocked, id=13808, stack(0x0000002522900000,0x0000002522a00000)]
  0x000001397f08e000 JavaThread "Signal Dispatcher" daemon [_thread_blocked, id=10344, stack(0x0000002522a00000,0x0000002522b00000)]
  0x000001397f08f000 JavaThread "Attach Listener" daemon [_thread_blocked, id=10032, stack(0x0000002522b00000,0x0000002522c00000)]
  0x000001397f096000 JavaThread "C1 CompilerThread0" daemon [_thread_blocked, id=11840, stack(0x0000002522c00000,0x0000002522d00000)]
  0x000001397f09c000 JavaThread "Sweeper thread" daemon [_thread_blocked, id=3060, stack(0x0000002522d00000,0x0000002522e00000)]
  0x000001397f1ad800 JavaThread "Common-Cleaner" daemon [_thread_blocked, id=13968, stack(0x0000002522e00000,0x0000002522f00000)]
  0x000001397f1e2000 JavaThread "Service Thread" daemon [_thread_blocked, id=11324, stack(0x0000002522f00000,0x0000002523000000)]
  0x00000139003db000 JavaThread "RMI TCP Accept-0" daemon [_thread_in_native, id=14664, stack(0x0000002523000000,0x0000002523100000)]
  0x000001390039b000 JavaThread "RMI TCP Accept-54136" daemon [_thread_in_native, id=8940, stack(0x0000002523100000,0x0000002523200000)]
  0x0000013900404000 JavaThread "RMI TCP Accept-0" daemon [_thread_in_native, id=948, stack(0x0000002523300000,0x0000002523400000)]
  0x0000013900443800 JavaThread "Monitor Ctrl-Break" daemon [_thread_in_native, id=11176, stack(0x0000002523500000,0x0000002523600000)]
  0x0000013900446000 JavaThread "RMI Scheduler(0)" daemon [_thread_blocked, id=3764, stack(0x0000002523600000,0x0000002523700000)]
  0x0000013902b8e000 JavaThread "ContainerBackgroundProcessor[StandardEngine[Tomcat]]" daemon [_thread_blocked, id=8864, stack(0x0000002524600000,0x0000002524700000)]
  0x0000013902b8f000 JavaThread "container-0" [_thread_blocked, id=4544, stack(0x0000002524700000,0x0000002524800000)]
  0x0000013902b91800 JavaThread "MVStore background writer nio:C:/workProject/GoEvent/src/main/resources/h2.mv.db" daemon [_thread_blocked, id=16004, stack(0x0000002524900000,0x0000002524a00000)]
  0x0000013902b8d000 JavaThread "HikariPool-1 housekeeper" daemon [_thread_blocked, id=11516, stack(0x0000002524800000,0x0000002524900000)]
  0x0000013902b92000 JavaThread "Live Reload Server" daemon [_thread_in_native, id=16256, stack(0x0000002524c00000,0x0000002524d00000)]
  0x0000013902b94000 JavaThread "File Watcher" daemon [_thread_blocked, id=16660, stack(0x0000002524b00000,0x0000002524c00000)]
  0x0000013902b93000 JavaThread "NioBlockingSelector.BlockPoller-1" daemon [_thread_blocked, id=4868, stack(0x0000002524d00000,0x0000002524e00000)]
  0x0000013902b8f800 JavaThread "http-nio-8080-exec-1" daemon [_thread_blocked, id=16172, stack(0x0000002524e00000,0x0000002524f00000)]
  0x0000013903926000 JavaThread "http-nio-8080-exec-2" daemon [_thread_blocked, id=14796, stack(0x0000002524f00000,0x0000002525000000)]
  0x0000013903922000 JavaThread "http-nio-8080-exec-3" daemon [_thread_blocked, id=10512, stack(0x0000002525000000,0x0000002525100000)]
  0x0000013903922800 JavaThread "http-nio-8080-exec-4" daemon [_thread_blocked, id=12260, stack(0x0000002525100000,0x0000002525200000)]
  0x0000013903921000 JavaThread "http-nio-8080-exec-5" daemon [_thread_blocked, id=13668, stack(0x0000002525200000,0x0000002525300000)]
  0x0000013903920800 JavaThread "http-nio-8080-exec-6" daemon [_thread_blocked, id=2604, stack(0x0000002525300000,0x0000002525400000)]
  0x0000013903929800 JavaThread "http-nio-8080-exec-7" daemon [_thread_blocked, id=9444, stack(0x0000002525400000,0x0000002525500000)]
  0x0000013903924800 JavaThread "http-nio-8080-exec-8" daemon [_thread_blocked, id=9684, stack(0x0000002525500000,0x0000002525600000)]
  0x0000013903927800 JavaThread "http-nio-8080-exec-9" daemon [_thread_blocked, id=7864, stack(0x0000002525600000,0x0000002525700000)]
  0x0000013903927000 JavaThread "http-nio-8080-exec-10" daemon [_thread_blocked, id=12688, stack(0x0000002525700000,0x0000002525800000)]
  0x0000013903925000 JavaThread "http-nio-8080-ClientPoller-0" daemon [_thread_in_native, id=7352, stack(0x0000002525800000,0x0000002525900000)]
  0x0000013903928800 JavaThread "http-nio-8080-ClientPoller-1" daemon [_thread_blocked, id=15692, stack(0x0000002525900000,0x0000002525a00000)]
  0x0000013903923800 JavaThread "http-nio-8080-Acceptor-0" daemon [_thread_in_native, id=6644, stack(0x0000002525a00000,0x0000002525b00000)]
  0x000001390392e000 JavaThread "http-nio-8080-AsyncTimeout" daemon [_thread_blocked, id=11440, stack(0x0000002525b00000,0x0000002525c00000)]
  0x000001390392a000 JavaThread "DestroyJavaVM" [_thread_blocked, id=16356, stack(0x0000002522100000,0x0000002522200000)]

Other Threads:
  0x000001397f072000 VMThread "VM Thread" [stack: 0x0000002522700000,0x0000002522800000] [id=15584]
  0x000001390038c000 WatcherThread [stack: 0x0000002523400000,0x0000002523500000] [id=10668]
=>0x0000013951a09000 GCTaskThread "GC Thread#0" [stack: 0x0000002522200000,0x0000002522300000] [id=9104]
  0x0000013900761000 GCTaskThread "GC Thread#1" [stack: 0x0000002523800000,0x0000002523900000] [id=17004]
  0x0000013900680000 GCTaskThread "GC Thread#2" [stack: 0x0000002523900000,0x0000002523a00000] [id=11488]
  0x00000139007db000 GCTaskThread "GC Thread#3" [stack: 0x0000002523a00000,0x0000002523b00000] [id=8700]
  0x00000139007db800 GCTaskThread "GC Thread#4" [stack: 0x0000002523b00000,0x0000002523c00000] [id=13708]
  0x00000139009c8800 GCTaskThread "GC Thread#5" [stack: 0x0000002523c00000,0x0000002523d00000] [id=15512]
  0x00000139009cd800 GCTaskThread "GC Thread#6" [stack: 0x0000002523d00000,0x0000002523e00000] [id=11768]
  0x00000139009ce000 GCTaskThread "GC Thread#7" [stack: 0x0000002523e00000,0x0000002523f00000] [id=7868]
  0x00000139009d0000 GCTaskThread "GC Thread#8" [stack: 0x0000002523f00000,0x0000002524000000] [id=14228]
  0x00000139009d1000 GCTaskThread "GC Thread#9" [stack: 0x0000002524000000,0x0000002524100000] [id=10740]
  0x0000013951a26000 ConcurrentGCThread "G1 Main Marker" [stack: 0x0000002522300000,0x0000002522400000] [id=5580]
  0x0000013951a29800 ConcurrentGCThread "G1 Conc#0" [stack: 0x0000002522400000,0x0000002522500000] [id=15940]
  0x0000013901380800 ConcurrentGCThread "G1 Conc#1" [stack: 0x0000002524400000,0x0000002524500000] [id=6272]
  0x0000013901383000 ConcurrentGCThread "G1 Conc#2" [stack: 0x0000002524500000,0x0000002524600000] [id=16088]
  0x000001397e77d000 ConcurrentGCThread "G1 Refine#0" [stack: 0x0000002522500000,0x0000002522600000] [id=10168]
  0x0000013900a2b000 ConcurrentGCThread "G1 Refine#1" [stack: 0x0000002524100000,0x0000002524200000] [id=17380]
  0x000001397e77e000 ConcurrentGCThread "G1 Young RemSet Sampling" [stack: 0x0000002522600000,0x0000002522700000] [id=13268]

Threads with active compile tasks:

VM state:at safepoint (normal execution)

VM Mutex/Monitor currently owned by a thread:  ([mutex/lock_event])
[0x0000013951988aa0] Threads_lock - owner thread: 0x000001397f072000
[0x0000013951988e90] Heap_lock - owner thread: 0x0000013902b91800

Heap address: 0x0000000602400000, size: 8156 MB, Compressed Oops mode: Zero based, Oop shift amount: 3
Narrow klass base: 0x0000000800000000, Narrow klass shift: 3
Compressed class space size: 1073741824 Address: 0x00000008011a0000

Heap:
 garbage-first heap   total 313344K, used 193346K [0x0000000602400000, 0x0000000800000000)
  region size 2048K, 71 young (145408K), 3 survivors (6144K)
 Metaspace       used 60367K, capacity 62055K, committed 62172K, reserved 1101824K
  class space    used 8266K, capacity 8915K, committed 9032K, reserved 1048576K
Heap Regions: E=young(eden), S=young(survivor), O=old, HS=humongous(starts), HC=humongous(continues), CS=collection set, F=free, A=archive, TAMS=top-at-mark-start (previous, next)
|   0|0x0000000602400000, 0x0000000602600000, 0x0000000602600000|100%| O|  |TAMS 0x0000000602600000, 0x0000000602400000| Untracked 
|   1|0x0000000602600000, 0x0000000602800000, 0x0000000602800000|100%| O|  |TAMS 0x0000000602800000, 0x0000000602600000| Untracked 
|   2|0x0000000602800000, 0x0000000602a00000, 0x0000000602a00000|100%| O|  |TAMS 0x0000000602a00000, 0x0000000602800000| Untracked 
|   3|0x0000000602a00000, 0x0000000602abea00, 0x0000000602c00000| 37%| O|  |TAMS 0x0000000602abea00, 0x0000000602a00000| Untracked 
|   4|0x0000000602c00000, 0x0000000602e00000, 0x0000000602e00000|100%| O|  |TAMS 0x0000000602e00000, 0x0000000602c00000| Untracked 
|   5|0x0000000602e00000, 0x0000000603000000, 0x0000000603000000|100%| O|  |TAMS 0x0000000603000000, 0x0000000602e00000| Untracked 
|   6|0x0000000603000000, 0x0000000603200000, 0x0000000603200000|100%| O|  |TAMS 0x0000000603200000, 0x0000000603000000| Untracked 
|   7|0x0000000603200000, 0x0000000603400000, 0x0000000603400000|100%| O|  |TAMS 0x0000000603400000, 0x0000000603200000| Untracked 
|   8|0x0000000603400000, 0x000000060349ca00, 0x0000000603600000| 30%| O|  |TAMS 0x000000060349ca00, 0x0000000603400000| Untracked 
|   9|0x0000000603600000, 0x0000000603800000, 0x0000000603800000|100%|HS|  |TAMS 0x0000000603800000, 0x0000000603600000| Complete 
|  10|0x0000000603800000, 0x0000000603a00000, 0x0000000603a00000|100%| O|  |TAMS 0x0000000603a00000, 0x0000000603800000| Untracked 
|  11|0x0000000603a00000, 0x0000000603c00000, 0x0000000603c00000|100%| O|  |TAMS 0x0000000603c00000, 0x0000000603a00000| Untracked 
|  12|0x0000000603c00000, 0x0000000603e00000, 0x0000000603e00000|100%| O|  |TAMS 0x0000000603e00000, 0x0000000603c00000| Untracked 
|  13|0x0000000603e00000, 0x0000000604000000, 0x0000000604000000|100%| O|  |TAMS 0x0000000604000000, 0x0000000603e00000| Untracked 
|  14|0x0000000604000000, 0x0000000604200000, 0x0000000604200000|100%| O|  |TAMS 0x0000000604200000, 0x0000000604000000| Untracked 
|  15|0x0000000604200000, 0x0000000604400000, 0x0000000604400000|100%| O|  |TAMS 0x0000000604400000, 0x0000000604200000| Untracked 
|  16|0x0000000604400000, 0x0000000604600000, 0x0000000604600000|100%| O|  |TAMS 0x0000000604600000, 0x0000000604400000| Untracked 
|  17|0x0000000604600000, 0x0000000604800000, 0x0000000604800000|100%| O|  |TAMS 0x0000000604641e00, 0x0000000604600000| Untracked 
|  18|0x0000000604800000, 0x0000000604a00000, 0x0000000604a00000|100%| O|  |TAMS 0x0000000604800000, 0x0000000604800000| Untracked 
|  19|0x0000000604a00000, 0x0000000604a85200, 0x0000000604c00000| 26%| O|  |TAMS 0x0000000604a00000, 0x0000000604a00000| Untracked 
|  20|0x0000000604c00000, 0x0000000604e00000, 0x0000000604e00000|100%|HS|  |TAMS 0x0000000604c00000, 0x0000000604c00000| Complete 
|  21|0x0000000604e00000, 0x0000000605000000, 0x0000000605000000|100%|HS|  |TAMS 0x0000000604e00000, 0x0000000604e00000| Complete 
|  22|0x0000000605000000, 0x0000000605200000, 0x0000000605200000|100%|HS|  |TAMS 0x0000000605000000, 0x0000000605000000| Complete 
|  23|0x0000000605200000, 0x0000000605400000, 0x0000000605400000|100%|HS|  |TAMS 0x0000000605200000, 0x0000000605200000| Complete 
|  24|0x0000000605400000, 0x0000000605600000, 0x0000000605600000|100%|HS|  |TAMS 0x0000000605400000, 0x0000000605400000| Complete 
|  25|0x0000000605600000, 0x0000000605600000, 0x0000000605800000|  0%| F|  |TAMS 0x0000000605600000, 0x0000000605600000| Untracked 
|  26|0x0000000605800000, 0x0000000605800000, 0x0000000605a00000|  0%| F|  |TAMS 0x0000000605800000, 0x0000000605800000| Untracked 
|  27|0x0000000605a00000, 0x0000000605a00000, 0x0000000605c00000|  0%| F|  |TAMS 0x0000000605a00000, 0x0000000605a00000| Untracked 
|  28|0x0000000605c00000, 0x0000000605c00000, 0x0000000605e00000|  0%| F|  |TAMS 0x0000000605c00000, 0x0000000605c00000| Untracked 
|  29|0x0000000605e00000, 0x0000000605e00000, 0x0000000606000000|  0%| F|  |TAMS 0x0000000605e00000, 0x0000000605e00000| Untracked 
|  30|0x0000000606000000, 0x0000000606000000, 0x0000000606200000|  0%| F|  |TAMS 0x0000000606000000, 0x0000000606000000| Untracked 
|  31|0x0000000606200000, 0x0000000606200000, 0x0000000606400000|  0%| F|  |TAMS 0x0000000606200000, 0x0000000606200000| Untracked 
|  32|0x0000000606400000, 0x0000000606400000, 0x0000000606600000|  0%| F|  |TAMS 0x0000000606400000, 0x0000000606400000| Untracked 
|  33|0x0000000606600000, 0x0000000606600000, 0x0000000606800000|  0%| F|  |TAMS 0x0000000606600000, 0x0000000606600000| Untracked 
|  34|0x0000000606800000, 0x0000000606800000, 0x0000000606a00000|  0%| F|  |TAMS 0x0000000606800000, 0x0000000606800000| Untracked 
|  35|0x0000000606a00000, 0x0000000606a00000, 0x0000000606c00000|  0%| F|  |TAMS 0x0000000606a00000, 0x0000000606a00000| Untracked 
|  36|0x0000000606c00000, 0x0000000606c00000, 0x0000000606e00000|  0%| F|  |TAMS 0x0000000606c00000, 0x0000000606c00000| Untracked 
|  37|0x0000000606e00000, 0x0000000606e00000, 0x0000000607000000|  0%| F|  |TAMS 0x0000000606e00000, 0x0000000606e00000| Untracked 
|  38|0x0000000607000000, 0x0000000607000000, 0x0000000607200000|  0%| F|  |TAMS 0x0000000607000000, 0x0000000607000000| Untracked 
|  39|0x0000000607200000, 0x0000000607200000, 0x0000000607400000|  0%| F|  |TAMS 0x0000000607200000, 0x0000000607200000| Untracked 
|  40|0x0000000607400000, 0x0000000607400000, 0x0000000607600000|  0%| F|  |TAMS 0x0000000607400000, 0x0000000607400000| Untracked 
|  41|0x0000000607600000, 0x0000000607600000, 0x0000000607800000|  0%| F|  |TAMS 0x0000000607600000, 0x0000000607600000| Untracked 
|  42|0x0000000607800000, 0x0000000607800000, 0x0000000607a00000|  0%| F|  |TAMS 0x0000000607800000, 0x0000000607800000| Untracked 
|  43|0x0000000607a00000, 0x0000000607a00000, 0x0000000607c00000|  0%| F|  |TAMS 0x0000000607a00000, 0x0000000607a00000| Untracked 
|  44|0x0000000607c00000, 0x0000000607c00000, 0x0000000607e00000|  0%| F|  |TAMS 0x0000000607c00000, 0x0000000607c00000| Untracked 
|  45|0x0000000607e00000, 0x0000000607e00000, 0x0000000608000000|  0%| F|  |TAMS 0x0000000607e00000, 0x0000000607e00000| Untracked 
|  46|0x0000000608000000, 0x0000000608000000, 0x0000000608200000|  0%| F|  |TAMS 0x0000000608000000, 0x0000000608000000| Untracked 
|  47|0x0000000608200000, 0x0000000608200000, 0x0000000608400000|  0%| F|  |TAMS 0x0000000608200000, 0x0000000608200000| Untracked 
|  48|0x0000000608400000, 0x0000000608400000, 0x0000000608600000|  0%| F|  |TAMS 0x0000000608400000, 0x0000000608400000| Untracked 
|  49|0x0000000608600000, 0x0000000608600000, 0x0000000608800000|  0%| F|  |TAMS 0x0000000608600000, 0x0000000608600000| Untracked 
|  50|0x0000000608800000, 0x0000000608800000, 0x0000000608a00000|  0%| F|  |TAMS 0x0000000608800000, 0x0000000608800000| Untracked 
|  51|0x0000000608a00000, 0x0000000608a00000, 0x0000000608c00000|  0%| F|  |TAMS 0x0000000608a00000, 0x0000000608a00000| Untracked 
|  52|0x0000000608c00000, 0x0000000608c00000, 0x0000000608e00000|  0%| F|  |TAMS 0x0000000608c00000, 0x0000000608c00000| Untracked 
|  53|0x0000000608e00000, 0x0000000608e00000, 0x0000000609000000|  0%| F|  |TAMS 0x0000000608e00000, 0x0000000608e00000| Untracked 
|  54|0x0000000609000000, 0x0000000609000000, 0x0000000609200000|  0%| F|  |TAMS 0x0000000609000000, 0x0000000609000000| Untracked 
|  55|0x0000000609200000, 0x0000000609200000, 0x0000000609400000|  0%| F|  |TAMS 0x0000000609200000, 0x0000000609200000| Untracked 
|  56|0x0000000609400000, 0x0000000609400000, 0x0000000609600000|  0%| F|  |TAMS 0x0000000609400000, 0x0000000609400000| Untracked 
|  57|0x0000000609600000, 0x0000000609600000, 0x0000000609800000|  0%| F|  |TAMS 0x0000000609600000, 0x0000000609600000| Untracked 
|  58|0x0000000609800000, 0x0000000609800000, 0x0000000609a00000|  0%| F|  |TAMS 0x0000000609800000, 0x0000000609800000| Untracked 
|  59|0x0000000609a00000, 0x0000000609a00000, 0x0000000609c00000|  0%| F|  |TAMS 0x0000000609a00000, 0x0000000609a00000| Untracked 
|  60|0x0000000609c00000, 0x0000000609c00000, 0x0000000609e00000|  0%| F|  |TAMS 0x0000000609c00000, 0x0000000609c00000| Untracked 
|  61|0x0000000609e00000, 0x0000000609e00000, 0x000000060a000000|  0%| F|  |TAMS 0x0000000609e00000, 0x0000000609e00000| Untracked 
|  62|0x000000060a000000, 0x000000060a000000, 0x000000060a200000|  0%| F|  |TAMS 0x000000060a000000, 0x000000060a000000| Untracked 
|  63|0x000000060a200000, 0x000000060a200000, 0x000000060a400000|  0%| F|  |TAMS 0x000000060a200000, 0x000000060a200000| Untracked 
|  64|0x000000060a400000, 0x000000060a400000, 0x000000060a600000|  0%| F|  |TAMS 0x000000060a400000, 0x000000060a400000| Untracked 
|  65|0x000000060a600000, 0x000000060a600000, 0x000000060a800000|  0%| F|  |TAMS 0x000000060a600000, 0x000000060a600000| Untracked 
|  66|0x000000060a800000, 0x000000060a800000, 0x000000060aa00000|  0%| F|  |TAMS 0x000000060a800000, 0x000000060a800000| Untracked 
|  67|0x000000060aa00000, 0x000000060aa00000, 0x000000060ac00000|  0%| F|  |TAMS 0x000000060aa00000, 0x000000060aa00000| Untracked 
|  68|0x000000060ac00000, 0x000000060ac00000, 0x000000060ae00000|  0%| F|  |TAMS 0x000000060ac00000, 0x000000060ac00000| Untracked 
|  69|0x000000060ae00000, 0x000000060ae00000, 0x000000060b000000|  0%| F|  |TAMS 0x000000060ae00000, 0x000000060ae00000| Untracked 
|  70|0x000000060b000000, 0x000000060b000000, 0x000000060b200000|  0%| F|  |TAMS 0x000000060b000000, 0x000000060b000000| Untracked 
|  71|0x000000060b200000, 0x000000060b200000, 0x000000060b400000|  0%| F|  |TAMS 0x000000060b200000, 0x000000060b200000| Untracked 
|  72|0x000000060b400000, 0x000000060b400000, 0x000000060b600000|  0%| F|  |TAMS 0x000000060b400000, 0x000000060b400000| Untracked 
|  73|0x000000060b600000, 0x000000060b600000, 0x000000060b800000|  0%| F|  |TAMS 0x000000060b600000, 0x000000060b600000| Untracked 
|  74|0x000000060b800000, 0x000000060b800000, 0x000000060ba00000|  0%| F|  |TAMS 0x000000060b800000, 0x000000060b800000| Untracked 
|  75|0x000000060ba00000, 0x000000060ba00000, 0x000000060bc00000|  0%| F|  |TAMS 0x000000060ba00000, 0x000000060ba00000| Untracked 
|  76|0x000000060bc00000, 0x000000060bc00000, 0x000000060be00000|  0%| F|  |TAMS 0x000000060bc00000, 0x000000060bc00000| Untracked 
|  77|0x000000060be00000, 0x000000060be00000, 0x000000060c000000|  0%| F|  |TAMS 0x000000060be00000, 0x000000060be00000| Untracked 
|  78|0x000000060c000000, 0x000000060c0d30e0, 0x000000060c200000| 41%| S|  |TAMS 0x000000060c000000, 0x000000060c000000| Complete 
|  79|0x000000060c200000, 0x000000060c400000, 0x000000060c400000|100%| S|  |TAMS 0x000000060c200000, 0x000000060c200000| Complete 
|  80|0x000000060c400000, 0x000000060c600000, 0x000000060c600000|100%| S|  |TAMS 0x000000060c400000, 0x000000060c400000| Complete 
|  81|0x000000060c600000, 0x000000060c800000, 0x000000060c800000|100%| E|CS|TAMS 0x000000060c600000, 0x000000060c600000| Complete 
|  82|0x000000060c800000, 0x000000060ca00000, 0x000000060ca00000|100%| E|CS|TAMS 0x000000060c800000, 0x000000060c800000| Complete 
|  83|0x000000060ca00000, 0x000000060cc00000, 0x000000060cc00000|100%| E|CS|TAMS 0x000000060ca00000, 0x000000060ca00000| Complete 
|  84|0x000000060cc00000, 0x000000060ce00000, 0x000000060ce00000|100%| E|CS|TAMS 0x000000060cc00000, 0x000000060cc00000| Complete 
|  85|0x000000060ce00000, 0x000000060d000000, 0x000000060d000000|100%| E|CS|TAMS 0x000000060ce00000, 0x000000060ce00000| Complete 
|  86|0x000000060d000000, 0x000000060d200000, 0x000000060d200000|100%| E|CS|TAMS 0x000000060d000000, 0x000000060d000000| Complete 
|  87|0x000000060d200000, 0x000000060d400000, 0x000000060d400000|100%| E|CS|TAMS 0x000000060d200000, 0x000000060d200000| Complete 
|  88|0x000000060d400000, 0x000000060d4f02e0, 0x000000060d600000| 46%| E|CS|TAMS 0x000000060d400000, 0x000000060d400000| Complete 
|  89|0x000000060d600000, 0x000000060d800000, 0x000000060d800000|100%| E|CS|TAMS 0x000000060d600000, 0x000000060d600000| Complete 
|  90|0x000000060d800000, 0x000000060da00000, 0x000000060da00000|100%| E|CS|TAMS 0x000000060d800000, 0x000000060d800000| Complete 
|  91|0x000000060da00000, 0x000000060dc00000, 0x000000060dc00000|100%| E|CS|TAMS 0x000000060da00000, 0x000000060da00000| Complete 
|  92|0x000000060dc00000, 0x000000060de00000, 0x000000060de00000|100%| E|CS|TAMS 0x000000060dc00000, 0x000000060dc00000| Complete 
|  93|0x000000060de00000, 0x000000060e000000, 0x000000060e000000|100%| E|CS|TAMS 0x000000060de00000, 0x000000060de00000| Complete 
|  94|0x000000060e000000, 0x000000060e200000, 0x000000060e200000|100%| E|CS|TAMS 0x000000060e000000, 0x000000060e000000| Complete 
|  95|0x000000060e200000, 0x000000060e400000, 0x000000060e400000|100%| E|CS|TAMS 0x000000060e200000, 0x000000060e200000| Complete 
|  96|0x000000060e400000, 0x000000060e600000, 0x000000060e600000|100%| E|CS|TAMS 0x000000060e400000, 0x000000060e400000| Complete 
|  97|0x000000060e600000, 0x000000060e800000, 0x000000060e800000|100%| E|CS|TAMS 0x000000060e600000, 0x000000060e600000| Complete 
|  98|0x000000060e800000, 0x000000060ea00000, 0x000000060ea00000|100%| E|CS|TAMS 0x000000060e800000, 0x000000060e800000| Complete 
|  99|0x000000060ea00000, 0x000000060ec00000, 0x000000060ec00000|100%| E|CS|TAMS 0x000000060ea00000, 0x000000060ea00000| Complete 
| 100|0x000000060ec00000, 0x000000060ee00000, 0x000000060ee00000|100%| E|CS|TAMS 0x000000060ec00000, 0x000000060ec00000| Complete 
| 101|0x000000060ee00000, 0x000000060f000000, 0x000000060f000000|100%| E|CS|TAMS 0x000000060ee00000, 0x000000060ee00000| Complete 
| 102|0x000000060f000000, 0x000000060f200000, 0x000000060f200000|100%| E|CS|TAMS 0x000000060f000000, 0x000000060f000000| Complete 
| 103|0x000000060f200000, 0x000000060f400000, 0x000000060f400000|100%| E|CS|TAMS 0x000000060f200000, 0x000000060f200000| Complete 
| 104|0x000000060f400000, 0x000000060f600000, 0x000000060f600000|100%| E|CS|TAMS 0x000000060f400000, 0x000000060f400000| Complete 
| 105|0x000000060f600000, 0x000000060f800000, 0x000000060f800000|100%| E|CS|TAMS 0x000000060f600000, 0x000000060f600000| Complete 
| 106|0x000000060f800000, 0x000000060fa00000, 0x000000060fa00000|100%| E|CS|TAMS 0x000000060f800000, 0x000000060f800000| Complete 
| 107|0x000000060fa00000, 0x000000060fc00000, 0x000000060fc00000|100%| E|CS|TAMS 0x000000060fa00000, 0x000000060fa00000| Complete 
| 108|0x000000060fc00000, 0x000000060fe00000, 0x000000060fe00000|100%| E|CS|TAMS 0x000000060fc00000, 0x000000060fc00000| Complete 
| 109|0x000000060fe00000, 0x0000000610000000, 0x0000000610000000|100%| E|CS|TAMS 0x000000060fe00000, 0x000000060fe00000| Complete 
| 110|0x0000000610000000, 0x0000000610200000, 0x0000000610200000|100%| E|CS|TAMS 0x0000000610000000, 0x0000000610000000| Complete 
| 111|0x0000000610200000, 0x0000000610400000, 0x0000000610400000|100%| E|CS|TAMS 0x0000000610200000, 0x0000000610200000| Complete 
| 112|0x0000000610400000, 0x0000000610600000, 0x0000000610600000|100%| E|CS|TAMS 0x0000000610400000, 0x0000000610400000| Complete 
| 113|0x0000000610600000, 0x0000000610800000, 0x0000000610800000|100%| E|CS|TAMS 0x0000000610600000, 0x0000000610600000| Complete 
| 114|0x0000000610800000, 0x0000000610a00000, 0x0000000610a00000|100%| E|CS|TAMS 0x0000000610800000, 0x0000000610800000| Complete 
| 115|0x0000000610a00000, 0x0000000610c00000, 0x0000000610c00000|100%| E|CS|TAMS 0x0000000610a00000, 0x0000000610a00000| Complete 
| 116|0x0000000610c00000, 0x0000000610e00000, 0x0000000610e00000|100%| E|CS|TAMS 0x0000000610c00000, 0x0000000610c00000| Complete 
| 117|0x0000000610e00000, 0x0000000611000000, 0x0000000611000000|100%| E|CS|TAMS 0x0000000610e00000, 0x0000000610e00000| Complete 
| 118|0x0000000611000000, 0x0000000611200000, 0x0000000611200000|100%| E|CS|TAMS 0x0000000611000000, 0x0000000611000000| Complete 
| 119|0x0000000611200000, 0x0000000611400000, 0x0000000611400000|100%| E|CS|TAMS 0x0000000611200000, 0x0000000611200000| Complete 
| 120|0x0000000611400000, 0x0000000611600000, 0x0000000611600000|100%| E|CS|TAMS 0x0000000611400000, 0x0000000611400000| Complete 
| 121|0x0000000611600000, 0x0000000611800000, 0x0000000611800000|100%| E|CS|TAMS 0x0000000611600000, 0x0000000611600000| Complete 
| 122|0x0000000611800000, 0x0000000611a00000, 0x0000000611a00000|100%| E|CS|TAMS 0x0000000611800000, 0x0000000611800000| Complete 
| 123|0x0000000611a00000, 0x0000000611c00000, 0x0000000611c00000|100%| E|CS|TAMS 0x0000000611a00000, 0x0000000611a00000| Complete 
| 124|0x0000000611c00000, 0x0000000611e00000, 0x0000000611e00000|100%| E|CS|TAMS 0x0000000611c00000, 0x0000000611c00000| Complete 
| 125|0x0000000611e00000, 0x0000000612000000, 0x0000000612000000|100%| E|CS|TAMS 0x0000000611e00000, 0x0000000611e00000| Complete 
| 126|0x0000000612000000, 0x0000000612200000, 0x0000000612200000|100%| E|CS|TAMS 0x0000000612000000, 0x0000000612000000| Complete 
| 127|0x0000000612200000, 0x0000000612400000, 0x0000000612400000|100%| E|CS|TAMS 0x0000000612200000, 0x0000000612200000| Complete 
| 128|0x0000000612400000, 0x0000000612600000, 0x0000000612600000|100%| E|CS|TAMS 0x0000000612400000, 0x0000000612400000| Complete 
| 129|0x0000000612600000, 0x0000000612800000, 0x0000000612800000|100%| E|CS|TAMS 0x0000000612600000, 0x0000000612600000| Complete 
| 130|0x0000000612800000, 0x0000000612a00000, 0x0000000612a00000|100%| E|CS|TAMS 0x0000000612800000, 0x0000000612800000| Complete 
| 131|0x0000000612a00000, 0x0000000612c00000, 0x0000000612c00000|100%| E|CS|TAMS 0x0000000612a00000, 0x0000000612a00000| Complete 
| 132|0x0000000612c00000, 0x0000000612e00000, 0x0000000612e00000|100%| E|CS|TAMS 0x0000000612c00000, 0x0000000612c00000| Complete 
| 133|0x0000000612e00000, 0x0000000613000000, 0x0000000613000000|100%| E|CS|TAMS 0x0000000612e00000, 0x0000000612e00000| Complete 
| 134|0x0000000613000000, 0x0000000613200000, 0x0000000613200000|100%| E|CS|TAMS 0x0000000613000000, 0x0000000613000000| Complete 
| 135|0x0000000613200000, 0x0000000613400000, 0x0000000613400000|100%| E|CS|TAMS 0x0000000613200000, 0x0000000613200000| Complete 
| 136|0x0000000613400000, 0x0000000613600000, 0x0000000613600000|100%| E|CS|TAMS 0x0000000613400000, 0x0000000613400000| Complete 
| 137|0x0000000613600000, 0x0000000613800000, 0x0000000613800000|100%| E|CS|TAMS 0x0000000613600000, 0x0000000613600000| Complete 
| 138|0x0000000613800000, 0x0000000613a00000, 0x0000000613a00000|100%| E|CS|TAMS 0x0000000613800000, 0x0000000613800000| Complete 
| 139|0x0000000613a00000, 0x0000000613c00000, 0x0000000613c00000|100%| E|CS|TAMS 0x0000000613a00000, 0x0000000613a00000| Complete 
| 140|0x0000000613c00000, 0x0000000613e00000, 0x0000000613e00000|100%| E|CS|TAMS 0x0000000613c00000, 0x0000000613c00000| Complete 
| 141|0x0000000613e00000, 0x0000000614000000, 0x0000000614000000|100%| E|CS|TAMS 0x0000000613e00000, 0x0000000613e00000| Complete 
| 142|0x0000000614000000, 0x0000000614200000, 0x0000000614200000|100%| E|CS|TAMS 0x0000000614000000, 0x0000000614000000| Complete 
| 143|0x0000000614200000, 0x0000000614400000, 0x0000000614400000|100%| E|CS|TAMS 0x0000000614200000, 0x0000000614200000| Complete 
| 144|0x0000000614400000, 0x0000000614600000, 0x0000000614600000|100%| E|CS|TAMS 0x0000000614400000, 0x0000000614400000| Complete 
| 145|0x0000000614600000, 0x0000000614800000, 0x0000000614800000|100%| E|CS|TAMS 0x0000000614600000, 0x0000000614600000| Complete 
| 146|0x0000000614800000, 0x0000000614a00000, 0x0000000614a00000|100%| E|CS|TAMS 0x0000000614800000, 0x0000000614800000| Complete 
| 147|0x0000000614a00000, 0x0000000614c00000, 0x0000000614c00000|100%| E|CS|TAMS 0x0000000614a00000, 0x0000000614a00000| Complete 
| 148|0x0000000614c00000, 0x0000000614e00000, 0x0000000614e00000|100%| E|CS|TAMS 0x0000000614c00000, 0x0000000614c00000| Complete 
| 149|0x0000000614e00000, 0x0000000615000000, 0x0000000615000000|100%| E|CS|TAMS 0x0000000614e00000, 0x0000000614e00000| Complete 
| 150|0x0000000615000000, 0x0000000615200000, 0x0000000615200000|100%| E|CS|TAMS 0x0000000615000000, 0x0000000615000000| Complete 
| 151|0x0000000615200000, 0x0000000615400000, 0x0000000615400000|100%| E|CS|TAMS 0x0000000615200000, 0x0000000615200000| Complete 
| 254|0x0000000622000000, 0x0000000622200000, 0x0000000622200000|100%| E|CS|TAMS 0x0000000622000000, 0x0000000622000000| Complete 

Card table byte_map: [0x000001396a2c0000,0x000001396b2b0000] _byte_map_base: 0x00000139672ae000

Marking Bits (Prev, Next): (CMBitMap*) 0x0000013951a0b1e8, (CMBitMap*) 0x0000013951a0b1a8
 Prev Bits: [0x0000013974210000, 0x000001397c180000)
 Next Bits: [0x000001396c2a0000, 0x0000013974210000)

Polling page: 0x000001394f960000

Metaspace:

Usage:
  Non-class:     51.89 MB capacity,    50.88 MB ( 98%) used,   843.70 KB (  2%) free+waste,   195.06 KB ( <1%) overhead. 
      Class:      8.71 MB capacity,     8.07 MB ( 93%) used,   554.65 KB (  6%) free+waste,    94.31 KB (  1%) overhead. 
       Both:     60.60 MB capacity,    58.95 MB ( 97%) used,     1.37 MB (  2%) free+waste,   289.38 KB ( <1%) overhead. 

Virtual space:
  Non-class space:       52.00 MB reserved,      51.89 MB (>99%) committed 
      Class space:        1.00 GB reserved,       8.82 MB ( <1%) committed 
             Both:        1.05 GB reserved,      60.71 MB (  6%) committed 

Chunk freelists:
   Non-Class:  0 bytes
       Class:  1.63 KB
        Both:  1.63 KB

CodeHeap 'non-profiled nmethods': size=238336Kb used=13135Kb max_used=13135Kb free=225200Kb
 bounds [0x000001395a4c0000, 0x000001395b1a0000, 0x0000013968d80000]
CodeHeap 'non-nmethods': size=7424Kb used=1274Kb max_used=1274Kb free=6149Kb
 bounds [0x0000013959d80000, 0x0000013959ff0000, 0x000001395a4c0000]
 total_blobs=8092 nmethods=7316 adapters=567
 compilation: enabled
              stopped_count=0, restarted_count=0
 full_count=0

Compilation events (10 events):
Event: 1795.144 Thread 0x000001397f096000 7428       1       org.h2.mvstore.MVMap::getCreateVersion (5 bytes)
Event: 1795.144 Thread 0x000001397f096000 nmethod 7428 0x000001395b194990 code [0x000001395b194b40, 0x000001395b194c78]
Event: 1795.144 Thread 0x000001397f096000 7429       1       org.h2.mvstore.MVMap::isVolatile (5 bytes)
Event: 1795.144 Thread 0x000001397f096000 nmethod 7429 0x000001395b194d10 code [0x000001395b194ec0, 0x000001395b194ff8]
Event: 1795.144 Thread 0x000001397f096000 7432       1       java.lang.Long::toHexString (6 bytes)
Event: 1795.144 Thread 0x000001397f096000 nmethod 7432 0x000001395b195090 code [0x000001395b195240, 0x000001395b195370]
Event: 1795.144 Thread 0x000001397f096000 7433       1       java.lang.Long::toUnsignedString0 (83 bytes)
Event: 1795.145 Thread 0x000001397f096000 nmethod 7433 0x000001395b195410 code [0x000001395b195600, 0x000001395b195950]
Event: 1892.802 Thread 0x000001397f096000 7434       1       com.zaxxer.hikari.pool.HikariPool::access$400 (5 bytes)
Event: 1892.802 Thread 0x000001397f096000 nmethod 7434 0x000001395b195a90 code [0x000001395b195c40, 0x000001395b195d38]

GC Heap History (10 events):
Event: 4.088 GC heap after
{Heap after GC invocations=13 (full 0):
 garbage-first heap   total 102400K, used 35597K [0x0000000602400000, 0x0000000800000000)
  region size 2048K, 3 young (6144K), 3 survivors (6144K)
 Metaspace       used 53546K, capacity 55110K, committed 55324K, reserved 1097728K
  class space    used 7334K, capacity 7910K, committed 8008K, reserved 1048576K
}
Event: 5.968 GC heap before
{Heap before GC invocations=13 (full 0):
 garbage-first heap   total 102400K, used 78605K [0x0000000602400000, 0x0000000800000000)
  region size 2048K, 24 young (49152K), 3 survivors (6144K)
 Metaspace       used 56282K, capacity 57969K, committed 58268K, reserved 1099776K
  class space    used 7691K, capacity 8323K, committed 8392K, reserved 1048576K
}
Event: 5.973 GC heap after
{Heap after GC invocations=14 (full 0):
 garbage-first heap   total 102400K, used 36789K [0x0000000602400000, 0x0000000800000000)
  region size 2048K, 3 young (6144K), 3 survivors (6144K)
 Metaspace       used 56282K, capacity 57969K, committed 58268K, reserved 1099776K
  class space    used 7691K, capacity 8323K, committed 8392K, reserved 1048576K
}
Event: 6.284 GC heap before
{Heap before GC invocations=14 (full 0):
 garbage-first heap   total 102400K, used 55221K [0x0000000602400000, 0x0000000800000000)
  region size 2048K, 13 young (26624K), 3 survivors (6144K)
 Metaspace       used 58859K, capacity 60547K, committed 60636K, reserved 1101824K
  class space    used 8050K, capacity 8692K, committed 8776K, reserved 1048576K
}
Event: 6.290 GC heap after
{Heap after GC invocations=15 (full 0):
 garbage-first heap   total 102400K, used 38876K [0x0000000602400000, 0x0000000800000000)
  region size 2048K, 2 young (4096K), 2 survivors (4096K)
 Metaspace       used 58859K, capacity 60547K, committed 60636K, reserved 1101824K
  class space    used 8050K, capacity 8692K, committed 8776K, reserved 1048576K
}
Event: 283.242 GC heap before
{Heap before GC invocations=16 (full 0):
 garbage-first heap   total 102400K, used 77788K [0x0000000602400000, 0x0000000800000000)
  region size 2048K, 22 young (45056K), 2 survivors (4096K)
 Metaspace       used 59504K, capacity 61144K, committed 61404K, reserved 1101824K
  class space    used 8149K, capacity 8763K, committed 8776K, reserved 1048576K
}
Event: 283.248 GC heap after
{Heap after GC invocations=17 (full 0):
 garbage-first heap   total 313344K, used 39557K [0x0000000602400000, 0x0000000800000000)
  region size 2048K, 2 young (4096K), 2 survivors (4096K)
 Metaspace       used 59504K, capacity 61144K, committed 61404K, reserved 1101824K
  class space    used 8149K, capacity 8763K, committed 8776K, reserved 1048576K
}
Event: 940.362 GC heap before
{Heap before GC invocations=17 (full 0):
 garbage-first heap   total 313344K, used 176773K [0x0000000602400000, 0x0000000800000000)
  region size 2048K, 63 young (129024K), 2 survivors (4096K)
 Metaspace       used 60166K, capacity 61870K, committed 62044K, reserved 1101824K
  class space    used 8241K, capacity 8876K, committed 8904K, reserved 1048576K
}
Event: 940.364 GC heap after
{Heap after GC invocations=18 (full 0):
 garbage-first heap   total 313344K, used 43842K [0x0000000602400000, 0x0000000800000000)
  region size 2048K, 4 young (8192K), 4 survivors (8192K)
 Metaspace       used 60166K, capacity 61870K, committed 62044K, reserved 1101824K
  class space    used 8241K, capacity 8876K, committed 8904K, reserved 1048576K
}
Event: 1961.251 GC heap before
{Heap before GC invocations=18 (full 0):
 garbage-first heap   total 313344K, used 191298K [0x0000000602400000, 0x0000000800000000)
  region size 2048K, 72 young (147456K), 4 survivors (8192K)
 Metaspace       used 60367K, capacity 62055K, committed 62172K, reserved 1101824K
  class space    used 8266K, capacity 8915K, committed 9032K, reserved 1048576K
}

Deoptimization events (0 events):
No events

Classes redefined (0 events):
No events

Internal exceptions (10 events):
Event: 5.980 Thread 0x0000013902b8f800 Exception <a 'java/lang/NoSuchMethodError'{0x00000006220cd2a8}: java.lang.invoke.DirectMethodHandle$Holder.invokeSpecial(Ljava/lang/Object;Ljava/lang/Object;ILjava/lang/Object;Ljava/lang/Object;)Ljava/lang/Object;> (0x00000006220cd2a8) thrown at [t:/works
Event: 7.630 Thread 0x0000013903924800 Exception <a 'java/lang/ClassNotFoundException'{0x000000060dae9068}: java/lang/ObjectCustomizer> (0x000000060dae9068) thrown at [t:/workspace/open/src/hotspot/share/classfile/systemDictionary.cpp, line 235]
Event: 7.631 Thread 0x0000013903924800 Exception <a 'java/lang/ClassNotFoundException'{0x000000060db01660}: org/springframework/security/authentication/AbstractAuthenticationTokenCustomizer> (0x000000060db01660) thrown at [t:/workspace/open/src/hotspot/share/classfile/systemDictionary.cpp, lin
Event: 7.632 Thread 0x0000013903924800 Exception <a 'java/lang/ClassNotFoundException'{0x000000060db1f000}: org/springframework/security/authentication/UsernamePasswordAuthenticationTokenCustomizer> (0x000000060db1f000) thrown at [t:/workspace/open/src/hotspot/share/classfile/systemDictionary.
Event: 7.634 Thread 0x0000013903924800 Exception <a 'java/lang/ClassNotFoundException'{0x000000060db3d088}: org/springframework/security/core/AuthenticationCustomizer> (0x000000060db3d088) thrown at [t:/workspace/open/src/hotspot/share/classfile/systemDictionary.cpp, line 235]
Event: 7.635 Thread 0x0000013903924800 Exception <a 'java/lang/ClassNotFoundException'{0x000000060db48c18}: java/security/PrincipalCustomizer> (0x000000060db48c18) thrown at [t:/workspace/open/src/hotspot/share/classfile/systemDictionary.cpp, line 235]
Event: 7.636 Thread 0x0000013903924800 Exception <a 'java/lang/ClassNotFoundException'{0x000000060db5dba0}: org/springframework/security/core/CredentialsContainerCustomizer> (0x000000060db5dba0) thrown at [t:/workspace/open/src/hotspot/share/classfile/systemDictionary.cpp, line 235]
Event: 7.640 Thread 0x0000013903924800 Exception <a 'java/lang/ClassNotFoundException'{0x000000060db978c8}: java/lang/ObjectCustomizer> (0x000000060db978c8) thrown at [t:/workspace/open/src/hotspot/share/classfile/systemDictionary.cpp, line 235]
Event: 7.641 Thread 0x0000013903924800 Exception <a 'java/lang/ClassNotFoundException'{0x000000060dbac790}: com/GoEvent/model/movies/MovieCustomizer> (0x000000060dbac790) thrown at [t:/workspace/open/src/hotspot/share/classfile/systemDictionary.cpp, line 235]
Event: 7.649 Thread 0x0000013903924800 Exception <a 'java/lang/NoClassDefFoundError'{0x000000060d87fff0}: sun/reflect/Reflection> (0x000000060d87fff0) thrown at [t:/workspace/open/src/hotspot/share/classfile/systemDictionary.cpp, line 224]

Events (10 events):
Event: 1795.143 Executing VM operation: RevokeBias done
Event: 1795.143 Executing VM operation: RevokeBias
Event: 1795.143 Executing VM operation: RevokeBias done
Event: 1800.122 Executing VM operation: RevokeBias
Event: 1800.122 Executing VM operation: RevokeBias done
Event: 1800.122 Thread 0x000001390392b000 Thread exited: 0x000001390392b000
Event: 1800.124 Executing VM operation: RevokeBias
Event: 1800.124 Executing VM operation: RevokeBias done
Event: 1800.124 Thread 0x000001390392b800 Thread exited: 0x000001390392b800
Event: 1961.250 Executing VM operation: G1CollectForAllocation


Dynamic libraries:
0x00007ff782b20000 - 0x00007ff782b2f000 	C:\Program Files\Java\jdk-12.0.1\bin\java.exe
0x00007ffe93340000 - 0x00007ffe93521000 	C:\WINDOWS\SYSTEM32\ntdll.dll
0x00007ffe725b0000 - 0x00007ffe725c2000 	C:\Program Files\AVAST Software\Avast\aswhook.dll
0x00007ffe90c50000 - 0x00007ffe90d01000 	C:\WINDOWS\System32\KERNEL32.DLL
0x00007ffe8ff90000 - 0x00007ffe90203000 	C:\WINDOWS\System32\KERNELBASE.dll
0x00007ffe8f780000 - 0x00007ffe8f878000 	C:\WINDOWS\System32\ucrtbase.dll
0x00007ffe8a420000 - 0x00007ffe8a438000 	C:\Program Files\Java\jdk-12.0.1\bin\jli.dll
0x00007ffe915c0000 - 0x00007ffe91661000 	C:\WINDOWS\System32\ADVAPI32.dll
0x00007ffe913a0000 - 0x00007ffe9143e000 	C:\WINDOWS\System32\msvcrt.dll
0x00007ffe907c0000 - 0x00007ffe9081b000 	C:\WINDOWS\System32\sechost.dll
0x00007ffe90d10000 - 0x00007ffe90e34000 	C:\WINDOWS\System32\RPCRT4.dll
0x00007ffe90930000 - 0x00007ffe90ac0000 	C:\WINDOWS\System32\USER32.dll
0x00007ffe907a0000 - 0x00007ffe907c0000 	C:\WINDOWS\System32\win32u.dll
0x00007ffe91530000 - 0x00007ffe91558000 	C:\WINDOWS\System32\GDI32.dll
0x00007ffe904a0000 - 0x00007ffe90631000 	C:\WINDOWS\System32\gdi32full.dll
0x00007ffe90400000 - 0x00007ffe9049f000 	C:\WINDOWS\System32\msvcp_win.dll
0x00007ffe89ad0000 - 0x00007ffe89ae6000 	C:\Program Files\Java\jdk-12.0.1\bin\VCRUNTIME140.dll
0x00007ffe6d290000 - 0x00007ffe6d4f9000 	C:\WINDOWS\WinSxS\amd64_microsoft.windows.common-controls_6595b64144ccf1df_6.0.17134.1006_none_d3fbb8f77c940c3f\COMCTL32.dll
0x00007ffe91670000 - 0x00007ffe91991000 	C:\WINDOWS\System32\combase.dll
0x00007ffe8f700000 - 0x00007ffe8f779000 	C:\WINDOWS\System32\bcryptPrimitives.dll
0x00007ffe89830000 - 0x00007ffe8983a000 	C:\WINDOWS\SYSTEM32\VERSION.dll
0x00007ffe90ac0000 - 0x00007ffe90aed000 	C:\WINDOWS\System32\IMM32.DLL
0x00007ffe81090000 - 0x00007ffe8113a000 	C:\Program Files\Java\jdk-12.0.1\bin\msvcp140.dll
0x00007ffe4d9f0000 - 0x00007ffe4e564000 	C:\Program Files\Java\jdk-12.0.1\bin\server\jvm.dll
0x00007ffe91e10000 - 0x00007ffe91e18000 	C:\WINDOWS\System32\PSAPI.DLL
0x00007ffe852c0000 - 0x00007ffe852c9000 	C:\WINDOWS\SYSTEM32\WSOCK32.dll
0x00007ffe91440000 - 0x00007ffe914ac000 	C:\WINDOWS\System32\WS2_32.dll
0x00007ffe85540000 - 0x00007ffe85563000 	C:\WINDOWS\SYSTEM32\WINMM.dll
0x00007ffe854f0000 - 0x00007ffe8551a000 	C:\WINDOWS\SYSTEM32\WINMMBASE.dll
0x00007ffe90640000 - 0x00007ffe90689000 	C:\WINDOWS\System32\cfgmgr32.dll
0x00007ffe8f6e0000 - 0x00007ffe8f6f1000 	C:\WINDOWS\System32\kernel.appcore.dll
0x00007ffe89a80000 - 0x00007ffe89a91000 	C:\Program Files\Java\jdk-12.0.1\bin\verify.dll
0x00007ffe8e080000 - 0x00007ffe8e249000 	C:\WINDOWS\SYSTEM32\DBGHELP.DLL
0x00007ffe895a0000 - 0x00007ffe895c9000 	C:\WINDOWS\SYSTEM32\dbgcore.DLL
0x00007ffe88790000 - 0x00007ffe887b6000 	C:\Program Files\Java\jdk-12.0.1\bin\java.dll
0x00007ffe89a40000 - 0x00007ffe89a57000 	C:\Program Files\Java\jdk-12.0.1\bin\zip.dll
0x00007ffe8b450000 - 0x00007ffe8b45a000 	C:\Program Files\Java\jdk-12.0.1\bin\jimage.dll
0x00007ffe91ec0000 - 0x00007ffe93302000 	C:\WINDOWS\System32\SHELL32.dll
0x00007ffe90820000 - 0x00007ffe908c9000 	C:\WINDOWS\System32\shcore.dll
0x00007ffe8f880000 - 0x00007ffe8ff8e000 	C:\WINDOWS\System32\windows.storage.dll
0x00007ffe910d0000 - 0x00007ffe91121000 	C:\WINDOWS\System32\shlwapi.dll
0x00007ffe8f6c0000 - 0x00007ffe8f6df000 	C:\WINDOWS\System32\profapi.dll
0x00007ffe8f650000 - 0x00007ffe8f69c000 	C:\WINDOWS\System32\powrprof.dll
0x00007ffe8f640000 - 0x00007ffe8f64a000 	C:\WINDOWS\System32\FLTLIB.DLL
0x00007ffe88720000 - 0x00007ffe88739000 	C:\Program Files\Java\jdk-12.0.1\bin\net.dll
0x00007ffe8a900000 - 0x00007ffe8a9dd000 	C:\WINDOWS\SYSTEM32\WINHTTP.dll
0x00007ffe85dd0000 - 0x00007ffe85f9a000 	C:\WINDOWS\SYSTEM32\urlmon.dll
0x00007ffe808d0000 - 0x00007ffe80b77000 	C:\WINDOWS\SYSTEM32\iertutil.dll
0x00007ffe8f090000 - 0x00007ffe8f09b000 	C:\WINDOWS\SYSTEM32\CRYPTBASE.DLL
0x00007ffe8eec0000 - 0x00007ffe8ef26000 	C:\WINDOWS\system32\mswsock.dll
0x00007ffe886f0000 - 0x00007ffe88703000 	C:\Program Files\Java\jdk-12.0.1\bin\nio.dll
0x00007ffe8a500000 - 0x00007ffe8a509000 	C:\Program Files\Java\jdk-12.0.1\bin\management.dll
0x00007ffe8a410000 - 0x00007ffe8a41c000 	C:\Program Files\Java\jdk-12.0.1\bin\management_ext.dll
0x00007ffe78680000 - 0x00007ffe78696000 	C:\WINDOWS\system32\napinsp.dll
0x00007ffe760b0000 - 0x00007ffe760ca000 	C:\WINDOWS\system32\pnrpnsp.dll
0x00007ffe89790000 - 0x00007ffe897a9000 	C:\WINDOWS\system32\NLAapi.dll
0x00007ffe8ec50000 - 0x00007ffe8ed0e000 	C:\WINDOWS\SYSTEM32\DNSAPI.dll
0x00007ffe910c0000 - 0x00007ffe910c8000 	C:\WINDOWS\System32\NSI.dll
0x00007ffe8ec10000 - 0x00007ffe8ec48000 	C:\WINDOWS\SYSTEM32\IPHLPAPI.DLL
0x00007ffe790f0000 - 0x00007ffe790fe000 	C:\WINDOWS\System32\winrnr.dll
0x00007ffe89720000 - 0x00007ffe89735000 	C:\WINDOWS\System32\wshbth.dll
0x00007ffe88370000 - 0x00007ffe8837a000 	C:\Windows\System32\rasadhlp.dll
0x00007ffe85bb0000 - 0x00007ffe85c22000 	C:\WINDOWS\System32\fwpuclnt.dll
0x00007ffe8f1a0000 - 0x00007ffe8f1c5000 	C:\WINDOWS\SYSTEM32\bcrypt.dll
0x00007ffe8f070000 - 0x00007ffe8f087000 	C:\WINDOWS\SYSTEM32\CRYPTSP.dll
0x00007ffe8ea70000 - 0x00007ffe8eaa3000 	C:\WINDOWS\system32\rsaenh.dll
0x00007ffe8f570000 - 0x00007ffe8f598000 	C:\WINDOWS\SYSTEM32\USERENV.dll
0x00007ffe88d00000 - 0x00007ffe88d16000 	C:\WINDOWS\SYSTEM32\dhcpcsvc6.DLL
0x00007ffe89580000 - 0x00007ffe8959a000 	C:\WINDOWS\SYSTEM32\dhcpcsvc.DLL
0x00007ffe886d0000 - 0x00007ffe886ea000 	C:\Program Files\JetBrains\IntelliJ IDEA 2018.1.4\bin\breakgen64.dll

dbghelp: loaded successfully - version: 4.0.5 - missing functions: none
symbol engine: initialized successfully - sym options: 0x614 - pdb path: .;C:\Program Files\Java\jdk-12.0.1\bin;C:\WINDOWS\SYSTEM32;C:\Program Files\AVAST Software\Avast;C:\WINDOWS\WinSxS\amd64_microsoft.windows.common-controls_6595b64144ccf1df_6.0.17134.1006_none_d3fbb8f77c940c3f;C:\Program Files\Java\jdk-12.0.1\bin\server;C:\Program Files\JetBrains\IntelliJ IDEA 2018.1.4\bin

VM Arguments:
jvm_args: -XX:TieredStopAtLevel=1 -Xverify:none -Dspring.devtools.restart.trigger-file=.restartTriggerFile -Dspring.output.ansi.enabled=always -Dcom.sun.management.jmxremote -Dcom.sun.management.jmxremote.port=54136 -Dcom.sun.management.jmxremote.authenticate=false -Dcom.sun.management.jmxremote.ssl=false -Djava.rmi.server.hostname=localhost -Dspring.liveBeansView.mbeanDomain -Dspring.application.admin.enabled=true -Didea.launcher.port=54137 -Didea.launcher.bin.path=C:\Program Files\JetBrains\IntelliJ IDEA 2018.1.4\bin -Dfile.encoding=UTF-8 
java_command: com.intellij.rt.execution.application.AppMainV2 com.GoEvent.GoEventApplication
java_class_path (initial): C:\workProject\GoEvent\target\classes;C:\Users\gilb7\.m2\repository\org\springframework\boot\spring-boot-starter\2.1.1.RELEASE\spring-boot-starter-2.1.1.RELEASE.jar;C:\Users\gilb7\.m2\repository\org\springframework\boot\spring-boot\2.1.1.RELEASE\spring-boot-2.1.1.RELEASE.jar;C:\Users\gilb7\.m2\repository\org\springframework\spring-context\5.1.3.RELEASE\spring-context-5.1.3.RELEASE.jar;C:\Users\gilb7\.m2\repository\org\springframework\boot\spring-boot-autoconfigure\2.1.1.RELEASE\spring-boot-autoconfigure-2.1.1.RELEASE.jar;C:\Users\gilb7\.m2\repository\org\springframework\boot\spring-boot-starter-logging\2.1.1.RELEASE\spring-boot-starter-logging-2.1.1.RELEASE.jar;C:\Users\gilb7\.m2\repository\ch\qos\logback\logback-classic\1.2.3\logback-classic-1.2.3.jar;C:\Users\gilb7\.m2\repository\ch\qos\logback\logback-core\1.2.3\logback-core-1.2.3.jar;C:\Users\gilb7\.m2\repository\org\apache\logging\log4j\log4j-to-slf4j\2.11.1\log4j-to-slf4j-2.11.1.jar;C:\Users\gilb7\.m2\repository\org\apache\logging\log4j\log4j-api\2.11.1\log4j-api-2.11.1.jar;C:\Users\gilb7\.m2\repository\org\slf4j\jul-to-slf4j\1.7.25\jul-to-slf4j-1.7.25.jar;C:\Users\gilb7\.m2\repository\javax\annotation\javax.annotation-api\1.3.2\javax.annotation-api-1.3.2.jar;C:\Users\gilb7\.m2\repository\org\springframework\spring-core\5.1.3.RELEASE\spring-core-5.1.3.RELEASE.jar;C:\Users\gilb7\.m2\repository\org\springframework\spring-jcl\5.1.3.RELEASE\spring-jcl-5.1.3.RELEASE.jar;C:\Users\gilb7\.m2\repository\org\yaml\snakeyaml\1.23\snakeyaml-1.23.jar;C:\Users\gilb7\.m2\repository\net\bytebuddy\byte-buddy\1.9.5\byte-buddy-1.9.5.jar;C:\Users\gilb7\.m2\repository\org\springframework\boot\spring-boot-starter-web\2.1.1.RELEASE\spring-boot-starter-web-2.1.1.RELEASE.jar;C:\Users\gilb7\.m2\repository\org\springframework\boot\spring-boot-starter-json\2.1.1.RELEASE\spring-boot-starter-json-2.1.1.RELEASE.jar;C:\Users\gilb7\.m2\repository\com\fasterxml\jackson\core\jackson-databind\2.9.7\jackson-databind-2.
Launcher Type: SUN_STANDARD

[Global flags]
     bool BytecodeVerificationLocal                = false                                     {product} {command line}
     bool BytecodeVerificationRemote               = false                                     {product} {command line}
     intx CICompilerCount                          = 4                                         {product} {ergonomic}
     uint ConcGCThreads                            = 3                                         {product} {ergonomic}
     uint G1ConcRefinementThreads                  = 10                                        {product} {ergonomic}
   size_t G1HeapRegionSize                         = 2097152                                   {product} {ergonomic}
    uintx GCDrainStackTargetSize                   = 64                                        {product} {ergonomic}
   size_t InitialHeapSize                          = 534773760                                 {product} {ergonomic}
     bool ManagementServer                         = true                                      {product} {command line}
   size_t MarkStackSize                            = 4194304                                   {product} {ergonomic}
   size_t MaxHeapSize                              = 8552185856                                {product} {ergonomic}
   size_t MaxNewSize                               = 5129633792                                {product} {ergonomic}
   size_t MinHeapDeltaBytes                        = 2097152                                   {product} {ergonomic}
    uintx NonNMethodCodeHeapSize                   = 7549744                                {pd product} {ergonomic}
    uintx NonProfiledCodeHeapSize                  = 244108496                              {pd product} {ergonomic}
    uintx ProfiledCodeHeapSize                     = 0                                      {pd product} {ergonomic}
    uintx ReservedCodeCacheSize                    = 251658240                              {pd product} {ergonomic}
     bool SegmentedCodeCache                       = true                                      {product} {ergonomic}
     intx TieredStopAtLevel                        = 1                                         {product} {command line}
     bool UseCompressedClassPointers               = true                                 {lp64_product} {ergonomic}
     bool UseCompressedOops                        = true                                 {lp64_product} {ergonomic}
     bool UseG1GC                                  = true                                      {product} {ergonomic}
     bool UseLargePagesIndividualAllocation        = false                                  {pd product} {ergonomic}

Logging:
Log output configuration:
 #0: stdout all=warning uptime,level,tags
 #1: stderr all=off uptime,level,tags

Environment Variables:
JAVA_HOME=C:\Program Files\Java\jdk-12.0.1
PATH=C:\Program Files (x86)\Intel\Intel(R) Management Engine Components\iCLS\;C:\Program Files\Intel\Intel(R) Management Engine Components\iCLS\;C:\Windows\system32;C:\Windows;C:\Windows\System32\Wbem;C:\Windows\System32\WindowsPowerShell\v1.0\;C:\Windows\System32\OpenSSH\;C:\Program Files (x86)\Intel\Intel(R) Management Engine Components\DAL;C:\Program Files\Intel\Intel(R) Management Engine Components\DAL;C:\Program Files (x86)\Intel\Intel(R) Management Engine Components\IPT;C:\Program Files\Intel\Intel(R) Management Engine Components\IPT;C:\Program Files (x86)\NVIDIA Corporation\PhysX\Common;C:\Program Files\Intel\WiFi\bin\;C:\Program Files\Common Files\Intel\WirelessCommon\;C:\WINDOWS\system32;C:\WINDOWS;C:\WINDOWS\System32\Wbem;C:\WINDOWS\System32\WindowsPowerShell\v1.0\;C:\WINDOWS\System32\OpenSSH\;C:\Program Files\Git\cmd;C:\Program Files\Java\jdk-12.0.1\bin;C:\Program Files\apache-maven-3.6.2\bin;C:\Users\gilb7\AppData\Local\Microsoft\WindowsApps;;C:\Users\gilb7\AppData\Local\Programs\Microsoft VS Code\bin
USERNAME=gilb7
OS=Windows_NT
PROCESSOR_IDENTIFIER=Intel64 Family 6 Model 158 Stepping 10, GenuineIntel



---------------  S Y S T E M  ---------------

OS: Windows 10 , 64 bit Build 17134 (10.0.17134.753)

CPU:total 12 (initial active 12) (6 cores per cpu, 2 threads per core) family 6 model 158 stepping 10, cmov, cx8, fxsr, mmx, sse, sse2, sse3, ssse3, sse4.1, sse4.2, popcnt, avx, avx2, aes, clmul, erms, 3dnowpref, lzcnt, ht, tsc, tscinvbit, bmi1, bmi2, adx, fma

Memory: 4k page, system-wide physical 32618M (22010M free)
TotalPageFile size 37738M (AvailPageFile size 23365M)
current process WorkingSet (physical memory assigned to process): 376M, peak: 376M
current process commit charge ("private bytes"): 506M, peak: 647M

vm_info: Java HotSpot(TM) 64-Bit Server VM (12.0.1+12) for windows-amd64 JRE (12.0.1+12), built on Apr  2 2019 14:02:19 by "mach5one" with MS VC++ 15.5 (VS2017)

END.
